<?xml version="1.0" encoding="UTF-8"?>
<!-- Generated by org.testng.reporters.JUnitXMLReporter -->
<testsuite hostname="LAPTOP-RO33NULJ" ignored="0" name="Test" tests="4" failures="0" timestamp="19 May 2021 06:49:47 GMT" time="21.009" errors="0">
  <testcase name="launchAndLogin" time="4.163" classname="org.adactin.AdactinUsingTestNg"/>
  <testcase name="details" time="3.48" classname="org.adactin.AdactinUsingTestNg"/>
  <testcase name="reviewAndContinue" time="1.013" classname="org.adactin.AdactinUsingTestNg"/>
  <testcase name="paymentAndPersonalDetails" time="1.844" classname="org.adactin.AdactinUsingTestNg"/>
</testsuite> <!-- Test -->
